mode: set
github.com/lukaszmoskwa/docknat/cmd/docknat/cli.go:7.24,11.38 1 0
github.com/lukaszmoskwa/docknat/cmd/docknat/cli.go:11.38,13.4 1 0
github.com/lukaszmoskwa/docknat/cmd/docknat/cli.go:18.40,21.6 2 0
github.com/lukaszmoskwa/docknat/cmd/docknat/main.go:12.21,16.2 3 0
github.com/lukaszmoskwa/docknat/cmd/docknat/main.go:18.13,20.41 2 0
github.com/lukaszmoskwa/docknat/cmd/docknat/main.go:20.41,21.13 1 0
github.com/lukaszmoskwa/docknat/cmd/docknat/sync.go:11.12,14.16 2 0
github.com/lukaszmoskwa/docknat/cmd/docknat/sync.go:14.16,17.3 2 0
github.com/lukaszmoskwa/docknat/cmd/docknat/sync.go:19.2,20.22 2 0
github.com/lukaszmoskwa/docknat/cmd/docknat/sync.go:20.22,23.3 2 0
github.com/lukaszmoskwa/docknat/cmd/docknat/sync.go:24.2,25.21 2 0
github.com/lukaszmoskwa/docknat/cmd/docknat/sync.go:25.21,28.3 2 0
github.com/lukaszmoskwa/docknat/cmd/docknat/sync.go:30.2,30.39 1 0
github.com/lukaszmoskwa/docknat/cmd/docknat/sync.go:30.39,33.17 2 0
github.com/lukaszmoskwa/docknat/cmd/docknat/sync.go:33.17,35.12 2 0
github.com/lukaszmoskwa/docknat/cmd/docknat/sync.go:38.3,41.33 3 0
github.com/lukaszmoskwa/docknat/cmd/docknat/sync.go:41.33,43.18 2 0
github.com/lukaszmoskwa/docknat/cmd/docknat/sync.go:43.18,45.13 2 0
github.com/lukaszmoskwa/docknat/cmd/docknat/sync.go:46.10,49.5 1 0
github.com/lukaszmoskwa/docknat/cmd/docknat/sync.go:51.3,51.30 1 0
github.com/lukaszmoskwa/docknat/cmd/docknat/sync.go:51.30,53.18 2 0
github.com/lukaszmoskwa/docknat/cmd/docknat/sync.go:53.18,55.13 2 0
github.com/lukaszmoskwa/docknat/cmd/docknat/sync.go:56.10,59.5 1 0
github.com/lukaszmoskwa/docknat/internal/utils.go:37.19,42.2 1 1
github.com/lukaszmoskwa/docknat/internal/utils.go:44.68,47.16 2 1
github.com/lukaszmoskwa/docknat/internal/utils.go:47.16,50.3 2 0
github.com/lukaszmoskwa/docknat/internal/utils.go:51.2,52.39 2 1
github.com/lukaszmoskwa/docknat/internal/utils.go:52.39,53.40 1 0
github.com/lukaszmoskwa/docknat/internal/utils.go:53.40,55.30 2 0
github.com/lukaszmoskwa/docknat/internal/utils.go:55.30,56.13 1 0
github.com/lukaszmoskwa/docknat/internal/utils.go:58.4,59.23 2 0
github.com/lukaszmoskwa/docknat/internal/utils.go:59.23,60.13 1 0
github.com/lukaszmoskwa/docknat/internal/utils.go:62.4,63.28 2 0
github.com/lukaszmoskwa/docknat/internal/utils.go:63.28,64.13 1 0
github.com/lukaszmoskwa/docknat/internal/utils.go:66.4,66.28 1 0
github.com/lukaszmoskwa/docknat/internal/utils.go:66.28,67.13 1 0
github.com/lukaszmoskwa/docknat/internal/utils.go:69.4,74.6 1 0
github.com/lukaszmoskwa/docknat/internal/utils.go:77.2,77.26 1 1
github.com/lukaszmoskwa/docknat/internal/utils.go:80.45,85.2 3 1
github.com/lukaszmoskwa/docknat/internal/utils.go:87.38,90.28 3 1
github.com/lukaszmoskwa/docknat/internal/utils.go:90.28,91.18 1 1
github.com/lukaszmoskwa/docknat/internal/utils.go:91.18,94.4 2 1
github.com/lukaszmoskwa/docknat/internal/utils.go:94.9,96.4 1 1
github.com/lukaszmoskwa/docknat/internal/utils.go:98.2,99.14 2 1
github.com/lukaszmoskwa/docknat/internal/utils.go:102.52,106.29 3 1
github.com/lukaszmoskwa/docknat/internal/utils.go:106.29,111.28 3 1
github.com/lukaszmoskwa/docknat/internal/utils.go:111.28,112.20 1 1
github.com/lukaszmoskwa/docknat/internal/utils.go:112.20,114.5 1 1
github.com/lukaszmoskwa/docknat/internal/utils.go:118.3,118.55 1 1
github.com/lukaszmoskwa/docknat/internal/utils.go:118.55,119.12 1 0
github.com/lukaszmoskwa/docknat/internal/utils.go:122.3,133.5 6 1
github.com/lukaszmoskwa/docknat/internal/utils.go:135.2,135.21 1 1
github.com/lukaszmoskwa/docknat/internal/utils.go:138.46,140.2 1 1
github.com/lukaszmoskwa/docknat/internal/utils.go:144.109,147.42 2 1
github.com/lukaszmoskwa/docknat/internal/utils.go:147.42,149.40 2 1
github.com/lukaszmoskwa/docknat/internal/utils.go:149.40,150.44 1 1
github.com/lukaszmoskwa/docknat/internal/utils.go:150.44,152.10 2 1
github.com/lukaszmoskwa/docknat/internal/utils.go:155.3,155.13 1 1
github.com/lukaszmoskwa/docknat/internal/utils.go:155.13,157.4 1 1
github.com/lukaszmoskwa/docknat/internal/utils.go:160.2,160.39 1 1
github.com/lukaszmoskwa/docknat/internal/utils.go:160.39,162.43 2 1
github.com/lukaszmoskwa/docknat/internal/utils.go:162.43,163.44 1 1
github.com/lukaszmoskwa/docknat/internal/utils.go:163.44,165.10 2 1
github.com/lukaszmoskwa/docknat/internal/utils.go:168.3,168.13 1 1
github.com/lukaszmoskwa/docknat/internal/utils.go:168.13,170.4 1 1
github.com/lukaszmoskwa/docknat/internal/utils.go:173.2,173.24 1 1
github.com/lukaszmoskwa/docknat/internal/utils.go:176.65,179.21 2 1
github.com/lukaszmoskwa/docknat/internal/utils.go:179.21,181.3 1 0
github.com/lukaszmoskwa/docknat/internal/utils.go:182.2,182.215 1 1
github.com/lukaszmoskwa/docknat/internal/utils.go:185.68,187.21 2 1
github.com/lukaszmoskwa/docknat/internal/utils.go:187.21,189.3 1 0
github.com/lukaszmoskwa/docknat/internal/utils.go:190.2,190.209 1 1
